<?xml version="1.0" encoding="UTF-8"?>
<!-- Generated by org.testng.reporters.JUnitReportReporter -->
<testsuite hostname="LAPTOP-7K3E84U1" failures="0" tests="4" name="TestNgListners.TestNgListnerTest" time="13.282" errors="0" timestamp="2024-09-11T15:01:29 IST" skipped="0">
  <testcase classname="TestNgListners.TestNgListnerTest" name="Enterurl" time="8.237"/>
  <system-out/>
  <testcase classname="TestNgListners.TestNgListnerTest" name="logoVerify" time="0.587"/>
  <system-out/>
  <testcase classname="TestNgListners.TestNgListnerTest" name="login" time="1.781"/>
  <system-out/>
  <testcase classname="TestNgListners.TestNgListnerTest" name="logout" time="2.677"/>
  <system-out/>
</testsuite> <!-- TestNgListners.TestNgListnerTest -->
