<?xml version="1.0" encoding="UTF-8"?>
<!-- Generated by org.testng.reporters.JUnitReportReporter -->
<testsuite hostname="LAPTOP-7K3E84U1" failures="0" tests="4" name="TestNGPackage.OrangeMgLoginTest" time="34.565" errors="0" timestamp="2024-09-05T09:58:14 IST" skipped="0">
  <testcase classname="TestNGPackage.OrangeMgLoginTest" name="Enterurl" time="29.721"/>
  <system-out/>
  <testcase classname="TestNGPackage.OrangeMgLoginTest" name="logoVerify" time="0.715"/>
  <system-out/>
  <testcase classname="TestNGPackage.OrangeMgLoginTest" name="login" time="1.556"/>
  <system-out/>
  <testcase classname="TestNGPackage.OrangeMgLoginTest" name="logout" time="2.573"/>
  <system-out/>
</testsuite> <!-- TestNGPackage.OrangeMgLoginTest -->
