<?xml version="1.0" encoding="UTF-8"?>
<!-- Generated by org.testng.reporters.JUnitReportReporter -->
<testsuite hostname="LAPTOP-7K3E84U1" failures="0" tests="4" name="TestNGPackage.OrangeMgLoginTest" time="12.009" errors="0" timestamp="2024-09-11T15:01:29 IST" skipped="0">
  <testcase classname="TestNGPackage.OrangeMgLoginTest" name="Enterurl" time="7.721"/>
  <system-out/>
  <testcase classname="TestNGPackage.OrangeMgLoginTest" name="logoVerify" time="0.522"/>
  <system-out/>
  <testcase classname="TestNGPackage.OrangeMgLoginTest" name="login" time="1.624"/>
  <system-out/>
  <testcase classname="TestNGPackage.OrangeMgLoginTest" name="logout" time="2.142"/>
  <system-out/>
</testsuite> <!-- TestNGPackage.OrangeMgLoginTest -->
